
   Illuminate\Database\QueryException 

  SQLSTATE[42S02]: Base table or view not found: 1146 Table 'laravel.cache' doesn't exist (Connection: mysql, SQL: select * from `cache` where `key` in (illuminate:queue:restart))

  at /home/jack/laravel-app4/vendor/laravel/framework/src/Illuminate/Database/Connection.php:825
    821▕                     $this->getName(), $query, $this->prepareBindings($bindings), $e
    822▕                 );
    823▕             }
    824▕ 
  ➜ 825▕             throw new QueryException(
    826▕                 $this->getName(), $query, $this->prepareBindings($bindings), $e
    827▕             );
    828▕         }
    829▕     }

      [2m+31 vendor frames [22m

  32  /home/jack/laravel-app4/artisan:13
      Illuminate\Foundation\Application::handleCommand()


   Illuminate\Database\QueryException 

  SQLSTATE[42S02]: Base table or view not found: 1146 Table 'laravel.cache' doesn't exist (Connection: mysql, SQL: select * from `cache` where `key` in (illuminate:queue:restart))

  at /home/jack/laravel-app4/vendor/laravel/framework/src/Illuminate/Database/Connection.php:825

   Illuminate\Database\QueryException 

  SQLSTATE[42S02]: Base table or view not found: 1146 Table 'laravel.cache' doesn't exist (Connection: mysql, SQL: select * from `cache` where `key` in (illuminate:queue:restart))

  at /home/jack/laravel-app4/vendor/laravel/framework/src/Illuminate/Database/Connection.php:825
    821▕                     $this->getName(), $query, $this->prepareBindings($bindings), $e
    822▕                 );
    823▕             }
    824▕ 
  ➜ 825▕             throw new QueryException(
    826▕                 $this->getName(), $query, $this->prepareBindings($bindings), $e
    827▕             );
    828▕         }
    829▕     }

      [2m+31 vendor frames [22m

  32  /home/jack/laravel-app4/artisan:13
      Illuminate\Foundation\Application::handleCommand()

    821▕                     $this->getName(), $query, $this->prepareBindings($bindings), $e
    822▕                 );
    823▕             }
    824▕ 
  ➜ 825▕             throw new QueryException(
    826▕                 $this->getName(), $query, $this->prepareBindings($bindings), $e
    827▕             );
    828▕         }
    829▕     }

      [2m+31 vendor frames [22m

  32  /home/jack/laravel-app4/artisan:13
      Illuminate\Foundation\Application::handleCommand()


   Illuminate\Database\QueryException 

  SQLSTATE[42S02]: Base table or view not found: 1146 Table 'laravel.cache' doesn't exist (Connection: mysql, SQL: select * from `cache` where `key` in (illuminate:queue:restart))

  at /home/jack/laravel-app4/vendor/laravel/framework/src/Illuminate/Database/Connection.php:825
    821▕                     $this->getName(), $query, $this->prepareBindings($bindings), $e
    822▕                 );
    823▕             }
    824▕ 
  ➜ 825▕             throw new QueryException(
    826▕                 $this->getName(), $query, $this->prepareBindings($bindings), $e
    827▕             );
    828▕         }
    829▕     }

      [2m+31 vendor frames [22m

  32  /home/jack/laravel-app4/artisan:13
      Illuminate\Foundation\Application::handleCommand()


   Illuminate\Database\QueryException 

  SQLSTATE[42S02]: Base table or view not found: 1146 Table 'laravel.cache' doesn't exist (Connection: mysql, SQL: select * from `cache` where `key` in (illuminate:queue:restart))

  at /home/jack/laravel-app4/vendor/laravel/framework/src/Illuminate/Database/Connection.php:825
    821▕                     $this->getName(), $query, $this->prepareBindings($bindings), $e
    822▕                 );
    823▕             }
    824▕ 
  ➜ 825▕             throw new QueryException(
    826▕                 $this->getName(), $query, $this->prepareBindings($bindings), $e
    827▕             );
    828▕         }
    829▕     }

      [2m+31 vendor frames [22m

  32  /home/jack/laravel-app4/artisan:13
      Illuminate\Foundation\Application::handleCommand()


   Illuminate\Database\QueryException 

  SQLSTATE[42S02]: Base table or view not found: 1146 Table 'laravel.cache' doesn't exist (Connection: mysql, SQL: select * from `cache` where `key` in (illuminate:queue:restart))

  at /home/jack/laravel-app4/vendor/laravel/framework/src/Illuminate/Database/Connection.php:825

    821▕                     $this->getName(), $query, $this->prepareBindings($bindings), $e
    822▕                 );
    823▕             }
    824▕ 
  ➜ 825▕             throw new QueryException(
    826▕                 $this->getName(), $query, $this->prepareBindings($bindings), $e
    827▕             );
    828▕         }
    829▕     }

      [2m+31 vendor frames [22m

  32  /home/jack/laravel-app4/artisan:13
      Illuminate\Foundation\Application::handleCommand()

   Illuminate\Database\QueryException 

  SQLSTATE[42S02]: Base table or view not found: 1146 Table 'laravel.cache' doesn't exist (Connection: mysql, SQL: select * from `cache` where `key` in (illuminate:queue:restart))

  at /home/jack/laravel-app4/vendor/laravel/framework/src/Illuminate/Database/Connection.php:825

    821▕                     $this->getName(), $query, $this->prepareBindings($bindings), $e
    822▕                 );
    823▕             }
    824▕ 
  ➜ 825▕             throw new QueryException(
    826▕                 $this->getName(), $query, $this->prepareBindings($bindings), $e
    827▕             );
    828▕         }
    829▕     }

      [2m+31 vendor frames [22m

  32  /home/jack/laravel-app4/artisan:13
      Illuminate\Foundation\Application::handleCommand()

   Illuminate\Database\QueryException 

  SQLSTATE[42S02]: Base table or view not found: 1146 Table 'laravel.cache' doesn't exist (Connection: mysql, SQL: select * from `cache` where `key` in (illuminate:queue:restart))

  at /home/jack/laravel-app4/vendor/laravel/framework/src/Illuminate/Database/Connection.php:825
    821▕                     $this->getName(), $query, $this->prepareBindings($bindings), $e
    822▕                 );
    823▕             }
    824▕ 
  ➜ 825▕             throw new QueryException(
    826▕                 $this->getName(), $query, $this->prepareBindings($bindings), $e
    827▕             );
    828▕         }
    829▕     }

      [2m+31 vendor frames [22m

  32  /home/jack/laravel-app4/artisan:13
      Illuminate\Foundation\Application::handleCommand()


   Illuminate\Database\QueryException 

  SQLSTATE[42S02]: Base table or view not found: 1146 Table 'laravel.cache' doesn't exist (Connection: mysql, SQL: select * from `cache` where `key` in (illuminate:queue:restart))

  at /home/jack/laravel-app4/vendor/laravel/framework/src/Illuminate/Database/Connection.php:825
    821▕                     $this->getName(), $query, $this->prepareBindings($bindings), $e
    822▕                 );
    823▕             }
    824▕ 
  ➜ 825▕             throw new QueryException(
    826▕                 $this->getName(), $query, $this->prepareBindings($bindings), $e
    827▕             );
    828▕         }
    829▕     }

      [2m+29 vendor frames [22m

  30  /home/jack/laravel-app4/artisan:13
      Illuminate\Foundation\Application::handleCommand()


   Illuminate\Database\QueryException 

  SQLSTATE[42S02]: Base table or view not found: 1146 Table 'laravel.cache' doesn't exist (Connection: mysql, SQL: select * from `cache` where `key` in (illuminate:queue:restart))

  at /home/jack/laravel-app4/vendor/laravel/framework/src/Illuminate/Database/Connection.php:825

   Illuminate\Database\QueryException 

  SQLSTATE[42S02]: Base table or view not found: 1146 Table 'laravel.cache' doesn't exist (Connection: mysql, SQL: select * from `cache` where `key` in (illuminate:queue:restart))

  at /home/jack/laravel-app4/vendor/laravel/framework/src/Illuminate/Database/Connection.php:825
    821▕                     $this->getName(), $query, $this->prepareBindings($bindings), $e
    822▕                 );
    823▕             }
    824▕ 
  ➜ 825▕             throw new QueryException(
    826▕                 $this->getName(), $query, $this->prepareBindings($bindings), $e
    827▕             );
    828▕         }
    829▕     }

      [2m+29 vendor frames [22m

  30  /home/jack/laravel-app4/artisan:13
      Illuminate\Foundation\Application::handleCommand()

    821▕                     $this->getName(), $query, $this->prepareBindings($bindings), $e
    822▕                 );
    823▕             }
    824▕ 
  ➜ 825▕             throw new QueryException(
    826▕                 $this->getName(), $query, $this->prepareBindings($bindings), $e
    827▕             );
    828▕         }
    829▕     }

      [2m+29 vendor frames [22m

  30  /home/jack/laravel-app4/artisan:13
      Illuminate\Foundation\Application::handleCommand()


   Illuminate\Database\QueryException 

  SQLSTATE[42S02]: Base table or view not found: 1146 Table 'laravel.cache' doesn't exist (Connection: mysql, SQL: select * from `cache` where `key` in (illuminate:queue:restart))

  at /home/jack/laravel-app4/vendor/laravel/framework/src/Illuminate/Database/Connection.php:825
    821▕                     $this->getName(), $query, $this->prepareBindings($bindings), $e
    822▕                 );
    823▕             }
    824▕ 
  ➜ 825▕             throw new QueryException(
    826▕                 $this->getName(), $query, $this->prepareBindings($bindings), $e
    827▕             );
    828▕         }
    829▕     }

      [2m+29 vendor frames [22m

  30  /home/jack/laravel-app4/artisan:13
      Illuminate\Foundation\Application::handleCommand()


   Illuminate\Database\QueryException 

  SQLSTATE[42S02]: Base table or view not found: 1146 Table 'laravel.cache' doesn't exist (Connection: mysql, SQL: select * from `cache` where `key` in (illuminate:queue:restart))

  at /home/jack/laravel-app4/vendor/laravel/framework/src/Illuminate/Database/Connection.php:825

   Illuminate\Database\QueryException 

  SQLSTATE[42S02]: Base table or view not found: 1146 Table 'laravel.cache' doesn't exist (Connection: mysql, SQL: select * from `cache` where `key` in (illuminate:queue:restart))

  at /home/jack/laravel-app4/vendor/laravel/framework/src/Illuminate/Database/Connection.php:825
    821▕                     $this->getName(), $query, $this->prepareBindings($bindings), $e
    822▕                 );
    823▕             }
    824▕ 
  ➜ 825▕             throw new QueryException(
    826▕                 $this->getName(), $query, $this->prepareBindings($bindings), $e
    827▕             );
    828▕         }
    829▕     }

      [2m+29 vendor frames [22m

  30  /home/jack/laravel-app4/artisan:13
      Illuminate\Foundation\Application::handleCommand()

    821▕                     $this->getName(), $query, $this->prepareBindings($bindings), $e
    822▕                 );
    823▕             }
    824▕ 
  ➜ 825▕             throw new QueryException(
    826▕                 $this->getName(), $query, $this->prepareBindings($bindings), $e
    827▕             );
    828▕         }
    829▕     }

      [2m+29 vendor frames [22m

  30  /home/jack/laravel-app4/artisan:13
      Illuminate\Foundation\Application::handleCommand()


   Illuminate\Database\QueryException 

  SQLSTATE[42S02]: Base table or view not found: 1146 Table 'laravel.cache' doesn't exist (Connection: mysql, SQL: select * from `cache` where `key` in (illuminate:queue:restart))

  at /home/jack/laravel-app4/vendor/laravel/framework/src/Illuminate/Database/Connection.php:825
    821▕                     $this->getName(), $query, $this->prepareBindings($bindings), $e
    822▕                 );
    823▕             }
    824▕ 
  ➜ 825▕             throw new QueryException(
    826▕                 $this->getName(), $query, $this->prepareBindings($bindings), $e
    827▕             );
    828▕         }
    829▕     }

      [2m+29 vendor frames [22m

  30  /home/jack/laravel-app4/artisan:13
      Illuminate\Foundation\Application::handleCommand()


   Illuminate\Database\QueryException 

  SQLSTATE[42S02]: Base table or view not found: 1146 Table 'laravel.cache' doesn't exist (Connection: mysql, SQL: select * from `cache` where `key` in (illuminate:queue:restart))

  at /home/jack/laravel-app4/vendor/laravel/framework/src/Illuminate/Database/Connection.php:825
    821▕                     $this->getName(), $query, $this->prepareBindings($bindings), $e
    822▕                 );
    823▕             }
    824▕ 
  ➜ 825▕             throw new QueryException(
    826▕                 $this->getName(), $query, $this->prepareBindings($bindings), $e
    827▕             );
    828▕         }
    829▕     }

      [2m+29 vendor frames [22m

  30  /home/jack/laravel-app4/artisan:13
      Illuminate\Foundation\Application::handleCommand()


   Illuminate\Database\QueryException 

  SQLSTATE[42S02]: Base table or view not found: 1146 Table 'laravel.cache' doesn't exist (Connection: mysql, SQL: select * from `cache` where `key` in (illuminate:queue:restart))

  at /home/jack/laravel-app4/vendor/laravel/framework/src/Illuminate/Database/Connection.php:825
    821▕                     $this->getName(), $query, $this->prepareBindings($bindings), $e
    822▕                 );
    823▕             }
    824▕ 
  ➜ 825▕             throw new QueryException(
    826▕                 $this->getName(), $query, $this->prepareBindings($bindings), $e
    827▕             );
    828▕         }
    829▕     }

      [2m+29 vendor frames [22m

  30  /home/jack/laravel-app4/artisan:13
      Illuminate\Foundation\Application::handleCommand()


   Illuminate\Database\QueryException 

  SQLSTATE[42S02]: Base table or view not found: 1146 Table 'laravel.cache' doesn't exist (Connection: mysql, SQL: select * from `cache` where `key` in (illuminate:queue:restart))

  at /home/jack/laravel-app4/vendor/laravel/framework/src/Illuminate/Database/Connection.php:825
    821▕                     $this->getName(), $query, $this->prepareBindings($bindings), $e
    822▕                 );
    823▕             }
    824▕ 
  ➜ 825▕             throw new QueryException(
    826▕                 $this->getName(), $query, $this->prepareBindings($bindings), $e
    827▕             );
    828▕         }
    829▕     }

   Illuminate\Database\QueryException 

  SQLSTATE[42S02]: Base table or view not found: 1146 Table 'laravel.cache' doesn't exist (Connection: mysql, SQL: select * from `cache` where `key` in (illuminate:queue:restart))

  at /home/jack/laravel-app4/vendor/laravel/framework/src/Illuminate/Database/Connection.php:825

      [2m+29 vendor frames [22m

  30  /home/jack/laravel-app4/artisan:13
      Illuminate\Foundation\Application::handleCommand()

    821▕                     $this->getName(), $query, $this->prepareBindings($bindings), $e
    822▕                 );
    823▕             }
    824▕ 
  ➜ 825▕             throw new QueryException(
    826▕                 $this->getName(), $query, $this->prepareBindings($bindings), $e
    827▕             );
    828▕         }
    829▕     }

      [2m+29 vendor frames [22m

  30  /home/jack/laravel-app4/artisan:13
      Illuminate\Foundation\Application::handleCommand()


   Illuminate\Database\QueryException 

  SQLSTATE[42S02]: Base table or view not found: 1146 Table 'laravel.cache' doesn't exist (Connection: mysql, SQL: select * from `cache` where `key` in (illuminate:queue:restart))

  at /home/jack/laravel-app4/vendor/laravel/framework/src/Illuminate/Database/Connection.php:825
    821▕                     $this->getName(), $query, $this->prepareBindings($bindings), $e
    822▕                 );
    823▕             }
    824▕ 
  ➜ 825▕             throw new QueryException(
    826▕                 $this->getName(), $query, $this->prepareBindings($bindings), $e
    827▕             );
    828▕         }
    829▕     }

      [2m+29 vendor frames [22m

  30  /home/jack/laravel-app4/artisan:13
      Illuminate\Foundation\Application::handleCommand()


   Illuminate\Database\QueryException 

  SQLSTATE[42S02]: Base table or view not found: 1146 Table 'laravel.cache' doesn't exist (Connection: mysql, SQL: select * from `cache` where `key` in (illuminate:queue:restart))

  at /home/jack/laravel-app4/vendor/laravel/framework/src/Illuminate/Database/Connection.php:825

   Illuminate\Database\QueryException 

  SQLSTATE[42S02]: Base table or view not found: 1146 Table 'laravel.cache' doesn't exist (Connection: mysql, SQL: select * from `cache` where `key` in (illuminate:queue:restart))
    821▕                     $this->getName(), $query, $this->prepareBindings($bindings), $e
    822▕                 );
    823▕             }
    824▕ 
  ➜ 825▕             throw new QueryException(
    826▕                 $this->getName(), $query, $this->prepareBindings($bindings), $e
    827▕             );
    828▕         }
    829▕     }

      [2m+29 vendor frames [22m

  30  /home/jack/laravel-app4/artisan:13
      Illuminate\Foundation\Application::handleCommand()


  at /home/jack/laravel-app4/vendor/laravel/framework/src/Illuminate/Database/Connection.php:825
    821▕                     $this->getName(), $query, $this->prepareBindings($bindings), $e
    822▕                 );
    823▕             }
    824▕ 
  ➜ 825▕             throw new QueryException(
    826▕                 $this->getName(), $query, $this->prepareBindings($bindings), $e
    827▕             );
    828▕         }
    829▕     }

      [2m+29 vendor frames [22m

  30  /home/jack/laravel-app4/artisan:13
      Illuminate\Foundation\Application::handleCommand()


   Illuminate\Database\QueryException 

  SQLSTATE[42S02]: Base table or view not found: 1146 Table 'laravel.cache' doesn't exist (Connection: mysql, SQL: select * from `cache` where `key` in (illuminate:queue:restart))

  at /home/jack/laravel-app4/vendor/laravel/framework/src/Illuminate/Database/Connection.php:825

   Illuminate\Database\QueryException 

  SQLSTATE[42S02]: Base table or view not found: 1146 Table 'laravel.cache' doesn't exist (Connection: mysql, SQL: select * from `cache` where `key` in (illuminate:queue:restart))
    821▕                     $this->getName(), $query, $this->prepareBindings($bindings), $e
    822▕                 );
    823▕             }
    824▕ 
  ➜ 825▕             throw new QueryException(
    826▕                 $this->getName(), $query, $this->prepareBindings($bindings), $e
    827▕             );
    828▕         }
    829▕     }

      [2m+29 vendor frames [22m

  30  /home/jack/laravel-app4/artisan:13
      Illuminate\Foundation\Application::handleCommand()


  at /home/jack/laravel-app4/vendor/laravel/framework/src/Illuminate/Database/Connection.php:825

   Illuminate\Database\QueryException 

  SQLSTATE[42S02]: Base table or view not found: 1146 Table 'laravel.cache' doesn't exist (Connection: mysql, SQL: select * from `cache` where `key` in (illuminate:queue:restart))

  at /home/jack/laravel-app4/vendor/laravel/framework/src/Illuminate/Database/Connection.php:825
    821▕                     $this->getName(), $query, $this->prepareBindings($bindings), $e
    822▕                 );
    823▕             }
    824▕ 
  ➜ 825▕             throw new QueryException(
    826▕                 $this->getName(), $query, $this->prepareBindings($bindings), $e
    827▕             );
    828▕         }
    829▕     }

      [2m+29 vendor frames [22m

  30  /home/jack/laravel-app4/artisan:13
      Illuminate\Foundation\Application::handleCommand()

    821▕                     $this->getName(), $query, $this->prepareBindings($bindings), $e
    822▕                 );
    823▕             }
    824▕ 
  ➜ 825▕             throw new QueryException(
    826▕                 $this->getName(), $query, $this->prepareBindings($bindings), $e
    827▕             );
    828▕         }
    829▕     }

      [2m+29 vendor frames [22m

  30  /home/jack/laravel-app4/artisan:13
      Illuminate\Foundation\Application::handleCommand()


   Illuminate\Database\QueryException 

  SQLSTATE[42S02]: Base table or view not found: 1146 Table 'laravel.cache' doesn't exist (Connection: mysql, SQL: select * from `cache` where `key` in (illuminate:queue:restart))

  at /home/jack/laravel-app4/vendor/laravel/framework/src/Illuminate/Database/Connection.php:825

   Illuminate\Database\QueryException 

  SQLSTATE[42S02]: Base table or view not found: 1146 Table 'laravel.cache' doesn't exist (Connection: mysql, SQL: select * from `cache` where `key` in (illuminate:queue:restart))

  at /home/jack/laravel-app4/vendor/laravel/framework/src/Illuminate/Database/Connection.php:825
    821▕                     $this->getName(), $query, $this->prepareBindings($bindings), $e
    822▕                 );
    823▕             }
    824▕ 
  ➜ 825▕             throw new QueryException(
    826▕                 $this->getName(), $query, $this->prepareBindings($bindings), $e
    827▕             );
    828▕         }
    829▕     }

      [2m+29 vendor frames [22m

  30  /home/jack/laravel-app4/artisan:13
      Illuminate\Foundation\Application::handleCommand()

    821▕                     $this->getName(), $query, $this->prepareBindings($bindings), $e
    822▕                 );
    823▕             }
    824▕ 
  ➜ 825▕             throw new QueryException(
    826▕                 $this->getName(), $query, $this->prepareBindings($bindings), $e
    827▕             );
    828▕         }
    829▕     }

      [2m+29 vendor frames [22m

  30  /home/jack/laravel-app4/artisan:13
      Illuminate\Foundation\Application::handleCommand()


   Illuminate\Database\QueryException 

  SQLSTATE[42S02]: Base table or view not found: 1146 Table 'laravel.cache' doesn't exist (Connection: mysql, SQL: select * from `cache` where `key` in (illuminate:queue:restart))

  at /home/jack/laravel-app4/vendor/laravel/framework/src/Illuminate/Database/Connection.php:825
    821▕                     $this->getName(), $query, $this->prepareBindings($bindings), $e
    822▕                 );
    823▕             }
    824▕ 
  ➜ 825▕             throw new QueryException(
    826▕                 $this->getName(), $query, $this->prepareBindings($bindings), $e
    827▕             );
    828▕         }
    829▕     }

      [2m+29 vendor frames [22m

  30  /home/jack/laravel-app4/artisan:13
      Illuminate\Foundation\Application::handleCommand()



   Illuminate\Database\QueryException 

  SQLSTATE[42S02]: Base table or view not found: 1146 Table 'laravel.cache' doesn't exist (Connection: mysql, SQL: select * from `cache` where `key` in (illuminate:queue:restart))
   Illuminate\Database\QueryException 

  SQLSTATE[42S02]: Base table or view not found: 1146 Table 'laravel.cache' doesn't exist (Connection: mysql, SQL: select * from `cache` where `key` in (illuminate:queue:restart))

  at /home/jack/laravel-app4/vendor/laravel/framework/src/Illuminate/Database/Connection.php:825

  at /home/jack/laravel-app4/vendor/laravel/framework/src/Illuminate/Database/Connection.php:825
    821▕                     $this->getName(), $query, $this->prepareBindings($bindings), $e
    822▕                 );
    823▕             }
    824▕ 
  ➜ 825▕             throw new QueryException(
    826▕                 $this->getName(), $query, $this->prepareBindings($bindings), $e
    827▕             );
    828▕         }
    829▕     }

      [2m+29 vendor frames [22m

  30  /home/jack/laravel-app4/artisan:13
      Illuminate\Foundation\Application::handleCommand()


   Illuminate\Database\QueryException 

  SQLSTATE[42S02]: Base table or view not found: 1146 Table 'laravel.cache' doesn't exist (Connection: mysql, SQL: select * from `cache` where `key` in (illuminate:queue:restart))

  at /home/jack/laravel-app4/vendor/laravel/framework/src/Illuminate/Database/Connection.php:825

   Illuminate\Database\QueryException 

  SQLSTATE[42S02]: Base table or view not found: 1146 Table 'laravel.cache' doesn't exist (Connection: mysql, SQL: select * from `cache` where `key` in (illuminate:queue:restart))

  at /home/jack/laravel-app4/vendor/laravel/framework/src/Illuminate/Database/Connection.php:825
    821▕                     $this->getName(), $query, $this->prepareBindings($bindings), $e
    822▕                 );
    823▕             }
    824▕ 
  ➜ 825▕             throw new QueryException(
    826▕                 $this->getName(), $query, $this->prepareBindings($bindings), $e
    827▕             );
    828▕         }
    829▕     }

      [2m+29 vendor frames [22m

  30  /home/jack/laravel-app4/artisan:13
      Illuminate\Foundation\Application::handleCommand()

    821▕                     $this->getName(), $query, $this->prepareBindings($bindings), $e
    822▕                 );
    823▕             }
    824▕ 
  ➜ 825▕             throw new QueryException(
    826▕                 $this->getName(), $query, $this->prepareBindings($bindings), $e
    827▕             );
    828▕         }
    829▕     }
    821▕                     $this->getName(), $query, $this->prepareBindings($bindings), $e
    822▕                 );
    823▕             }
    824▕ 
  ➜ 825▕             throw new QueryException(
    826▕                 $this->getName(), $query, $this->prepareBindings($bindings), $e
    827▕             );
    828▕         }
    829▕     }

      [2m+29 vendor frames [22m

  30  /home/jack/laravel-app4/artisan:13
      Illuminate\Foundation\Application::handleCommand()


   Illuminate\Database\QueryException 

  SQLSTATE[42S02]: Base table or view not found: 1146 Table 'laravel.cache' doesn't exist (Connection: mysql, SQL: select * from `cache` where `key` in (illuminate:queue:restart))

  at /home/jack/laravel-app4/vendor/laravel/framework/src/Illuminate/Database/Connection.php:825

      [2m+29 vendor frames [22m

  30  /home/jack/laravel-app4/artisan:13
      Illuminate\Foundation\Application::handleCommand()

    821▕                     $this->getName(), $query, $this->prepareBindings($bindings), $e
    822▕                 );
    823▕             }
    824▕ 
  ➜ 825▕             throw new QueryException(
    826▕                 $this->getName(), $query, $this->prepareBindings($bindings), $e
    827▕             );
    828▕         }
    829▕     }

      [2m+29 vendor frames [22m

  30  /home/jack/laravel-app4/artisan:13
      Illuminate\Foundation\Application::handleCommand()


   Illuminate\Database\QueryException 

  SQLSTATE[HY000] [2002] Connection refused (Connection: mysql, SQL: select * from `cache` where `key` in (illuminate:queue:restart))

  at /home/jack/laravel-app4/vendor/laravel/framework/src/Illuminate/Database/Connection.php:825
    821▕                     $this->getName(), $query, $this->prepareBindings($bindings), $e
    822▕                 );
    823▕             }
    824▕ 
  ➜ 825▕             throw new QueryException(
    826▕                 $this->getName(), $query, $this->prepareBindings($bindings), $e
    827▕             );
    828▕         }
    829▕     }

      [2m+40 vendor frames [22m

  41  /home/jack/laravel-app4/artisan:13
      Illuminate\Foundation\Application::handleCommand()


   Illuminate\Database\QueryException 

  SQLSTATE[HY000] [2002] Connection refused (Connection: mysql, SQL: select * from `cache` where `key` in (illuminate:queue:restart))

  at /home/jack/laravel-app4/vendor/laravel/framework/src/Illuminate/Database/Connection.php:825
    821▕                     $this->getName(), $query, $this->prepareBindings($bindings), $e
    822▕                 );
    823▕             }
    824▕ 
  ➜ 825▕             throw new QueryException(
    826▕                 $this->getName(), $query, $this->prepareBindings($bindings), $e
    827▕             );
    828▕         }
    829▕     }

      [2m+42 vendor frames [22m

  43  /home/jack/laravel-app4/artisan:13
      Illuminate\Foundation\Application::handleCommand()


   Illuminate\Database\QueryException 

  SQLSTATE[HY000] [2002] Connection refused (Connection: mysql, SQL: select * from `cache` where `key` in (illuminate:queue:restart))

  at /home/jack/laravel-app4/vendor/laravel/framework/src/Illuminate/Database/Connection.php:825
    821▕                     $this->getName(), $query, $this->prepareBindings($bindings), $e
    822▕                 );
    823▕             }
    824▕ 
  ➜ 825▕             throw new QueryException(
    826▕                 $this->getName(), $query, $this->prepareBindings($bindings), $e
    827▕             );
    828▕         }
    829▕     }

      [2m+42 vendor frames [22m

  43  /home/jack/laravel-app4/artisan:13
      Illuminate\Foundation\Application::handleCommand()


   Illuminate\Database\QueryException 

  SQLSTATE[HY000] [2002] Connection refused (Connection: mysql, SQL: select * from `cache` where `key` in (illuminate:queue:restart))

  at /home/jack/laravel-app4/vendor/laravel/framework/src/Illuminate/Database/Connection.php:825
    821▕                     $this->getName(), $query, $this->prepareBindings($bindings), $e
    822▕                 );
    823▕             }
    824▕ 
  ➜ 825▕             throw new QueryException(
    826▕                 $this->getName(), $query, $this->prepareBindings($bindings), $e
    827▕             );
    828▕         }
    829▕     }

      [2m+42 vendor frames [22m

  43  /home/jack/laravel-app4/artisan:13
      Illuminate\Foundation\Application::handleCommand()


   Illuminate\Database\QueryException 

  SQLSTATE[HY000] [2002] Connection refused (Connection: mysql, SQL: select * from `cache` where `key` in (illuminate:queue:restart))

  at /home/jack/laravel-app4/vendor/laravel/framework/src/Illuminate/Database/Connection.php:825
    821▕                     $this->getName(), $query, $this->prepareBindings($bindings), $e
    822▕                 );
    823▕             }
    824▕ 
  ➜ 825▕             throw new QueryException(
    826▕                 $this->getName(), $query, $this->prepareBindings($bindings), $e
    827▕             );
    828▕         }
    829▕     }

      [2m+42 vendor frames [22m

  43  /home/jack/laravel-app4/artisan:13
      Illuminate\Foundation\Application::handleCommand()


   Illuminate\Database\QueryException 

  SQLSTATE[HY000] [2002] Connection refused (Connection: mysql, SQL: select * from `cache` where `key` in (illuminate:queue:restart))

  at /home/jack/laravel-app4/vendor/laravel/framework/src/Illuminate/Database/Connection.php:825
    821▕                     $this->getName(), $query, $this->prepareBindings($bindings), $e
    822▕                 );
    823▕             }
    824▕ 
  ➜ 825▕             throw new QueryException(
    826▕                 $this->getName(), $query, $this->prepareBindings($bindings), $e
    827▕             );
    828▕         }
    829▕     }

      [2m+42 vendor frames [22m

  43  /home/jack/laravel-app4/artisan:13
      Illuminate\Foundation\Application::handleCommand()


   Illuminate\Database\QueryException 

  SQLSTATE[HY000] [2002] Connection refused (Connection: mysql, SQL: select * from `cache` where `key` in (illuminate:queue:restart))

  at /home/jack/laravel-app4/vendor/laravel/framework/src/Illuminate/Database/Connection.php:825
    821▕                     $this->getName(), $query, $this->prepareBindings($bindings), $e
    822▕                 );
    823▕             }
    824▕ 
  ➜ 825▕             throw new QueryException(
    826▕                 $this->getName(), $query, $this->prepareBindings($bindings), $e
    827▕             );
    828▕         }
    829▕     }

      [2m+42 vendor frames [22m

  43  /home/jack/laravel-app4/artisan:13
      Illuminate\Foundation\Application::handleCommand()


   Illuminate\Database\QueryException 

  SQLSTATE[HY000] [2002] Connection refused (Connection: mysql, SQL: select * from `cache` where `key` in (illuminate:queue:restart))

  at /home/jack/laravel-app4/vendor/laravel/framework/src/Illuminate/Database/Connection.php:825
    821▕                     $this->getName(), $query, $this->prepareBindings($bindings), $e
    822▕                 );
    823▕             }
    824▕ 
  ➜ 825▕             throw new QueryException(
    826▕                 $this->getName(), $query, $this->prepareBindings($bindings), $e
    827▕             );
    828▕         }
    829▕     }

      [2m+42 vendor frames [22m

  43  /home/jack/laravel-app4/artisan:13
      Illuminate\Foundation\Application::handleCommand()


   Illuminate\Database\QueryException 

  SQLSTATE[HY000] [2002] Connection refused (Connection: mysql, SQL: select * from `cache` where `key` in (illuminate:queue:restart))

  at /home/jack/laravel-app4/vendor/laravel/framework/src/Illuminate/Database/Connection.php:825
    821▕                     $this->getName(), $query, $this->prepareBindings($bindings), $e
    822▕                 );
    823▕             }
    824▕ 
  ➜ 825▕             throw new QueryException(
    826▕                 $this->getName(), $query, $this->prepareBindings($bindings), $e
    827▕             );
    828▕         }
    829▕     }

      [2m+42 vendor frames [22m

  43  /home/jack/laravel-app4/artisan:13
      Illuminate\Foundation\Application::handleCommand()


   Illuminate\Database\QueryException 

  SQLSTATE[HY000] [2002] Connection refused (Connection: mysql, SQL: select * from `cache` where `key` in (illuminate:queue:restart))

  at /home/jack/laravel-app4/vendor/laravel/framework/src/Illuminate/Database/Connection.php:825
    821▕                     $this->getName(), $query, $this->prepareBindings($bindings), $e
    822▕                 );
    823▕             }
    824▕ 
  ➜ 825▕             throw new QueryException(
    826▕                 $this->getName(), $query, $this->prepareBindings($bindings), $e
    827▕             );
    828▕         }
    829▕     }

      [2m+42 vendor frames [22m

  43  /home/jack/laravel-app4/artisan:13
      Illuminate\Foundation\Application::handleCommand()

PHP Fatal error:  Uncaught ErrorException: include(/home/jack/laravel-app4/vendor/composer/../nunomaduro/collision/src/SolutionsRepositories/NullSolutionsRepository.php): Failed to open stream: No such file or directory in /home/jack/laravel-app4/vendor/composer/ClassLoader.php:576
Stack trace:
#0 /home/jack/laravel-app4/vendor/laravel/framework/src/Illuminate/Foundation/Bootstrap/HandleExceptions.php(256): Illuminate\Foundation\Bootstrap\HandleExceptions->handleError()
#1 /home/jack/laravel-app4/vendor/composer/ClassLoader.php(576): Illuminate\Foundation\Bootstrap\HandleExceptions->Illuminate\Foundation\Bootstrap\{closure}()
#2 /home/jack/laravel-app4/vendor/composer/ClassLoader.php(576): include('...')
#3 /home/jack/laravel-app4/vendor/composer/ClassLoader.php(427): Composer\Autoload\{closure}()
#4 /home/jack/laravel-app4/vendor/nunomaduro/collision/src/Adapters/Laravel/CollisionServiceProvider.php(51): Composer\Autoload\ClassLoader->loadClass()
#5 /home/jack/laravel-app4/vendor/laravel/framework/src/Illuminate/Container/Container.php(937): NunoMaduro\Collision\Adapters\Laravel\CollisionServiceProvider->NunoMaduro\Collision\Adapters\Laravel\{closure}()
#6 /home/jack/laravel-app4/vendor/laravel/framework/src/Illuminate/Container/Container.php(819): Illuminate\Container\Container->build()
#7 /home/jack/laravel-app4/vendor/laravel/framework/src/Illuminate/Foundation/Application.php(1074): Illuminate\Container\Container->resolve()
#8 /home/jack/laravel-app4/vendor/laravel/framework/src/Illuminate/Container/Container.php(755): Illuminate\Foundation\Application->resolve()
#9 /home/jack/laravel-app4/vendor/laravel/framework/src/Illuminate/Foundation/Application.php(1056): Illuminate\Container\Container->make()
#10 /home/jack/laravel-app4/vendor/nunomaduro/collision/src/Adapters/Laravel/ExceptionHandler.php(66): Illuminate\Foundation\Application->make()
#11 /home/jack/laravel-app4/vendor/laravel/framework/src/Illuminate/Foundation/Bootstrap/HandleExceptions.php(208): NunoMaduro\Collision\Adapters\Laravel\ExceptionHandler->renderForConsole()
#12 /home/jack/laravel-app4/vendor/laravel/framework/src/Illuminate/Foundation/Bootstrap/HandleExceptions.php(190): Illuminate\Foundation\Bootstrap\HandleExceptions->renderForConsole()
#13 /home/jack/laravel-app4/vendor/laravel/framework/src/Illuminate/Foundation/Bootstrap/HandleExceptions.php(256): Illuminate\Foundation\Bootstrap\HandleExceptions->handleException()
#14 [internal function]: Illuminate\Foundation\Bootstrap\HandleExceptions->Illuminate\Foundation\Bootstrap\{closure}()
#15 {main}
  thrown in /home/jack/laravel-app4/vendor/composer/ClassLoader.php on line 576
PHP Fatal error:  Uncaught ErrorException: include(/home/jack/laravel-app4/vendor/composer/../symfony/error-handler/Error/FatalError.php): Failed to open stream: No such file or directory in /home/jack/laravel-app4/vendor/composer/ClassLoader.php:576
Stack trace:
#0 /home/jack/laravel-app4/vendor/laravel/framework/src/Illuminate/Foundation/Bootstrap/HandleExceptions.php(256): Illuminate\Foundation\Bootstrap\HandleExceptions->handleError()
#1 /home/jack/laravel-app4/vendor/composer/ClassLoader.php(576): Illuminate\Foundation\Bootstrap\HandleExceptions->Illuminate\Foundation\Bootstrap\{closure}()
#2 /home/jack/laravel-app4/vendor/composer/ClassLoader.php(576): include('...')
#3 /home/jack/laravel-app4/vendor/composer/ClassLoader.php(427): Composer\Autoload\{closure}()
#4 /home/jack/laravel-app4/vendor/laravel/framework/src/Illuminate/Foundation/Bootstrap/HandleExceptions.php(245): Composer\Autoload\ClassLoader->loadClass()
#5 /home/jack/laravel-app4/vendor/laravel/framework/src/Illuminate/Foundation/Bootstrap/HandleExceptions.php(232): Illuminate\Foundation\Bootstrap\HandleExceptions->fatalErrorFromPhpError()
#6 /home/jack/laravel-app4/vendor/laravel/framework/src/Illuminate/Foundation/Bootstrap/HandleExceptions.php(256): Illuminate\Foundation\Bootstrap\HandleExceptions->handleShutdown()
#7 [internal function]: Illuminate\Foundation\Bootstrap\HandleExceptions->Illuminate\Foundation\Bootstrap\{closure}()
#8 {main}
  thrown in /home/jack/laravel-app4/vendor/composer/ClassLoader.php on line 576
PHP Fatal error:  Uncaught ErrorException: include(/home/jack/laravel-app4/vendor/composer/../nunomaduro/collision/src/SolutionsRepositories/NullSolutionsRepository.php): Failed to open stream: No such file or directory in /home/jack/laravel-app4/vendor/composer/ClassLoader.php:576
Stack trace:
#0 /home/jack/laravel-app4/vendor/laravel/framework/src/Illuminate/Foundation/Bootstrap/HandleExceptions.php(256): Illuminate\Foundation\Bootstrap\HandleExceptions->handleError()
#1 /home/jack/laravel-app4/vendor/composer/ClassLoader.php(576): Illuminate\Foundation\Bootstrap\HandleExceptions->Illuminate\Foundation\Bootstrap\{closure}()
#2 /home/jack/laravel-app4/vendor/composer/ClassLoader.php(576): include('...')
#3 /home/jack/laravel-app4/vendor/composer/ClassLoader.php(427): Composer\Autoload\{closure}()
#4 /home/jack/laravel-app4/vendor/nunomaduro/collision/src/Adapters/Laravel/CollisionServiceProvider.php(51): Composer\Autoload\ClassLoader->loadClass()
#5 /home/jack/laravel-app4/vendor/laravel/framework/src/Illuminate/Container/Container.php(937): NunoMaduro\Collision\Adapters\Laravel\CollisionServiceProvider->NunoMaduro\Collision\Adapters\Laravel\{closure}()
#6 /home/jack/laravel-app4/vendor/laravel/framework/src/Illuminate/Container/Container.php(819): Illuminate\Container\Container->build()
#7 /home/jack/laravel-app4/vendor/laravel/framework/src/Illuminate/Foundation/Application.php(1074): Illuminate\Container\Container->resolve()
#8 /home/jack/laravel-app4/vendor/laravel/framework/src/Illuminate/Container/Container.php(755): Illuminate\Foundation\Application->resolve()
#9 /home/jack/laravel-app4/vendor/laravel/framework/src/Illuminate/Foundation/Application.php(1056): Illuminate\Container\Container->make()
#10 /home/jack/laravel-app4/vendor/nunomaduro/collision/src/Adapters/Laravel/ExceptionHandler.php(66): Illuminate\Foundation\Application->make()
#11 /home/jack/laravel-app4/vendor/laravel/framework/src/Illuminate/Foundation/Bootstrap/HandleExceptions.php(208): NunoMaduro\Collision\Adapters\Laravel\ExceptionHandler->renderForConsole()
#12 /home/jack/laravel-app4/vendor/laravel/framework/src/Illuminate/Foundation/Bootstrap/HandleExceptions.php(190): Illuminate\Foundation\Bootstrap\HandleExceptions->renderForConsole()
#13 /home/jack/laravel-app4/vendor/laravel/framework/src/Illuminate/Foundation/Bootstrap/HandleExceptions.php(256): Illuminate\Foundation\Bootstrap\HandleExceptions->handleException()
#14 [internal function]: Illuminate\Foundation\Bootstrap\HandleExceptions->Illuminate\Foundation\Bootstrap\{closure}()
#15 {main}
  thrown in /home/jack/laravel-app4/vendor/composer/ClassLoader.php on line 576
PHP Fatal error:  Uncaught ErrorException: include(/home/jack/laravel-app4/vendor/composer/../symfony/error-handler/Error/FatalError.php): Failed to open stream: No such file or directory in /home/jack/laravel-app4/vendor/composer/ClassLoader.php:576
Stack trace:
#0 /home/jack/laravel-app4/vendor/laravel/framework/src/Illuminate/Foundation/Bootstrap/HandleExceptions.php(256): Illuminate\Foundation\Bootstrap\HandleExceptions->handleError()
#1 /home/jack/laravel-app4/vendor/composer/ClassLoader.php(576): Illuminate\Foundation\Bootstrap\HandleExceptions->Illuminate\Foundation\Bootstrap\{closure}()
#2 /home/jack/laravel-app4/vendor/composer/ClassLoader.php(576): include('...')
#3 /home/jack/laravel-app4/vendor/composer/ClassLoader.php(427): Composer\Autoload\{closure}()
#4 /home/jack/laravel-app4/vendor/laravel/framework/src/Illuminate/Foundation/Bootstrap/HandleExceptions.php(245): Composer\Autoload\ClassLoader->loadClass()
#5 /home/jack/laravel-app4/vendor/laravel/framework/src/Illuminate/Foundation/Bootstrap/HandleExceptions.php(232): Illuminate\Foundation\Bootstrap\HandleExceptions->fatalErrorFromPhpError()
#6 /home/jack/laravel-app4/vendor/laravel/framework/src/Illuminate/Foundation/Bootstrap/HandleExceptions.php(256): Illuminate\Foundation\Bootstrap\HandleExceptions->handleShutdown()
#7 [internal function]: Illuminate\Foundation\Bootstrap\HandleExceptions->Illuminate\Foundation\Bootstrap\{closure}()
#8 {main}
  thrown in /home/jack/laravel-app4/vendor/composer/ClassLoader.php on line 576
PHP Fatal error:  Uncaught ErrorException: include(/home/jack/laravel-app4/vendor/composer/../nunomaduro/collision/src/SolutionsRepositories/NullSolutionsRepository.php): Failed to open stream: No such file or directory in /home/jack/laravel-app4/vendor/composer/ClassLoader.php:576
Stack trace:
#0 /home/jack/laravel-app4/vendor/laravel/framework/src/Illuminate/Foundation/Bootstrap/HandleExceptions.php(256): Illuminate\Foundation\Bootstrap\HandleExceptions->handleError()
#1 /home/jack/laravel-app4/vendor/composer/ClassLoader.php(576): Illuminate\Foundation\Bootstrap\HandleExceptions->Illuminate\Foundation\Bootstrap\{closure}()
#2 /home/jack/laravel-app4/vendor/composer/ClassLoader.php(576): include('...')
#3 /home/jack/laravel-app4/vendor/composer/ClassLoader.php(427): Composer\Autoload\{closure}()
#4 /home/jack/laravel-app4/vendor/nunomaduro/collision/src/Adapters/Laravel/CollisionServiceProvider.php(51): Composer\Autoload\ClassLoader->loadClass()
#5 /home/jack/laravel-app4/vendor/laravel/framework/src/Illuminate/Container/Container.php(937): NunoMaduro\Collision\Adapters\Laravel\CollisionServiceProvider->NunoMaduro\Collision\Adapters\Laravel\{closure}()
#6 /home/jack/laravel-app4/vendor/laravel/framework/src/Illuminate/Container/Container.php(819): Illuminate\Container\Container->build()
#7 /home/jack/laravel-app4/vendor/laravel/framework/src/Illuminate/Foundation/Application.php(1074): Illuminate\Container\Container->resolve()
#8 /home/jack/laravel-app4/vendor/laravel/framework/src/Illuminate/Container/Container.php(755): Illuminate\Foundation\Application->resolve()
#9 /home/jack/laravel-app4/vendor/laravel/framework/src/Illuminate/Foundation/Application.php(1056): Illuminate\Container\Container->make()
#10 /home/jack/laravel-app4/vendor/nunomaduro/collision/src/Adapters/Laravel/ExceptionHandler.php(66): Illuminate\Foundation\Application->make()
#11 /home/jack/laravel-app4/vendor/laravel/framework/src/Illuminate/Foundation/Bootstrap/HandleExceptions.php(208): NunoMaduro\Collision\Adapters\Laravel\ExceptionHandler->renderForConsole()
#12 /home/jack/laravel-app4/vendor/laravel/framework/src/Illuminate/Foundation/Bootstrap/HandleExceptions.php(190): Illuminate\Foundation\Bootstrap\HandleExceptions->renderForConsole()
#13 /home/jack/laravel-app4/vendor/laravel/framework/src/Illuminate/Foundation/Bootstrap/HandleExceptions.php(256): Illuminate\Foundation\Bootstrap\HandleExceptions->handleException()
#14 [internal function]: Illuminate\Foundation\Bootstrap\HandleExceptions->Illuminate\Foundation\Bootstrap\{closure}()
#15 {main}
  thrown in /home/jack/laravel-app4/vendor/composer/ClassLoader.php on line 576
PHP Fatal error:  Uncaught ErrorException: include(/home/jack/laravel-app4/vendor/composer/../symfony/error-handler/Error/FatalError.php): Failed to open stream: No such file or directory in /home/jack/laravel-app4/vendor/composer/ClassLoader.php:576
Stack trace:
#0 /home/jack/laravel-app4/vendor/laravel/framework/src/Illuminate/Foundation/Bootstrap/HandleExceptions.php(256): Illuminate\Foundation\Bootstrap\HandleExceptions->handleError()
#1 /home/jack/laravel-app4/vendor/composer/ClassLoader.php(576): Illuminate\Foundation\Bootstrap\HandleExceptions->Illuminate\Foundation\Bootstrap\{closure}()
#2 /home/jack/laravel-app4/vendor/composer/ClassLoader.php(576): include('...')
#3 /home/jack/laravel-app4/vendor/composer/ClassLoader.php(427): Composer\Autoload\{closure}()
#4 /home/jack/laravel-app4/vendor/laravel/framework/src/Illuminate/Foundation/Bootstrap/HandleExceptions.php(245): Composer\Autoload\ClassLoader->loadClass()
#5 /home/jack/laravel-app4/vendor/laravel/framework/src/Illuminate/Foundation/Bootstrap/HandleExceptions.php(232): Illuminate\Foundation\Bootstrap\HandleExceptions->fatalErrorFromPhpError()
#6 /home/jack/laravel-app4/vendor/laravel/framework/src/Illuminate/Foundation/Bootstrap/HandleExceptions.php(256): Illuminate\Foundation\Bootstrap\HandleExceptions->handleShutdown()
#7 [internal function]: Illuminate\Foundation\Bootstrap\HandleExceptions->Illuminate\Foundation\Bootstrap\{closure}()
#8 {main}
  thrown in /home/jack/laravel-app4/vendor/composer/ClassLoader.php on line 576
PHP Fatal error:  Uncaught ErrorException: include(/home/jack/laravel-app4/vendor/composer/../nunomaduro/collision/src/SolutionsRepositories/NullSolutionsRepository.php): Failed to open stream: No such file or directory in /home/jack/laravel-app4/vendor/composer/ClassLoader.php:576
Stack trace:
#0 /home/jack/laravel-app4/vendor/laravel/framework/src/Illuminate/Foundation/Bootstrap/HandleExceptions.php(256): Illuminate\Foundation\Bootstrap\HandleExceptions->handleError()
#1 /home/jack/laravel-app4/vendor/composer/ClassLoader.php(576): Illuminate\Foundation\Bootstrap\HandleExceptions->Illuminate\Foundation\Bootstrap\{closure}()
#2 /home/jack/laravel-app4/vendor/composer/ClassLoader.php(576): include('...')
#3 /home/jack/laravel-app4/vendor/composer/ClassLoader.php(427): Composer\Autoload\{closure}()
#4 /home/jack/laravel-app4/vendor/nunomaduro/collision/src/Adapters/Laravel/CollisionServiceProvider.php(51): Composer\Autoload\ClassLoader->loadClass()
#5 /home/jack/laravel-app4/vendor/laravel/framework/src/Illuminate/Container/Container.php(937): NunoMaduro\Collision\Adapters\Laravel\CollisionServiceProvider->NunoMaduro\Collision\Adapters\Laravel\{closure}()
#6 /home/jack/laravel-app4/vendor/laravel/framework/src/Illuminate/Container/Container.php(819): Illuminate\Container\Container->build()
#7 /home/jack/laravel-app4/vendor/laravel/framework/src/Illuminate/Foundation/Application.php(1074): Illuminate\Container\Container->resolve()
#8 /home/jack/laravel-app4/vendor/laravel/framework/src/Illuminate/Container/Container.php(755): Illuminate\Foundation\Application->resolve()
#9 /home/jack/laravel-app4/vendor/laravel/framework/src/Illuminate/Foundation/Application.php(1056): Illuminate\Container\Container->make()
#10 /home/jack/laravel-app4/vendor/nunomaduro/collision/src/Adapters/Laravel/ExceptionHandler.php(66): Illuminate\Foundation\Application->make()
#11 /home/jack/laravel-app4/vendor/laravel/framework/src/Illuminate/Foundation/Bootstrap/HandleExceptions.php(208): NunoMaduro\Collision\Adapters\Laravel\ExceptionHandler->renderForConsole()
#12 /home/jack/laravel-app4/vendor/laravel/framework/src/Illuminate/Foundation/Bootstrap/HandleExceptions.php(190): Illuminate\Foundation\Bootstrap\HandleExceptions->renderForConsole()
#13 /home/jack/laravel-app4/vendor/laravel/framework/src/Illuminate/Foundation/Bootstrap/HandleExceptions.php(256): Illuminate\Foundation\Bootstrap\HandleExceptions->handleException()
#14 [internal function]: Illuminate\Foundation\Bootstrap\HandleExceptions->Illuminate\Foundation\Bootstrap\{closure}()
#15 {main}
  thrown in /home/jack/laravel-app4/vendor/composer/ClassLoader.php on line 576
PHP Fatal error:  Uncaught ErrorException: include(/home/jack/laravel-app4/vendor/composer/../nunomaduro/collision/src/SolutionsRepositories/NullSolutionsRepository.php): Failed to open stream: No such file or directory in /home/jack/laravel-app4/vendor/composer/ClassLoader.php:576
Stack trace:
#0 /home/jack/laravel-app4/vendor/laravel/framework/src/Illuminate/Foundation/Bootstrap/HandleExceptions.php(256): Illuminate\Foundation\Bootstrap\HandleExceptions->handleError()
#1 /home/jack/laravel-app4/vendor/composer/ClassLoader.php(576): Illuminate\Foundation\Bootstrap\HandleExceptions->Illuminate\Foundation\Bootstrap\{closure}()
#2 /home/jack/laravel-app4/vendor/composer/ClassLoader.php(576): include('...')
#3 /home/jack/laravel-app4/vendor/composer/ClassLoader.php(427): Composer\Autoload\{closure}()
#4 /home/jack/laravel-app4/vendor/nunomaduro/collision/src/Adapters/Laravel/CollisionServiceProvider.php(51): Composer\Autoload\ClassLoader->loadClass()
#5 /home/jack/laravel-app4/vendor/laravel/framework/src/Illuminate/Container/Container.php(937): NunoMaduro\Collision\Adapters\Laravel\CollisionServiceProvider->NunoMaduro\Collision\Adapters\Laravel\{closure}()
#6 /home/jack/laravel-app4/vendor/laravel/framework/src/Illuminate/Container/Container.php(819): Illuminate\Container\Container->build()
#7 /home/jack/laravel-app4/vendor/laravel/framework/src/Illuminate/Foundation/Application.php(1074): Illuminate\Container\Container->resolve()
#8 /home/jack/laravel-app4/vendor/laravel/framework/src/Illuminate/Container/Container.php(755): Illuminate\Foundation\Application->resolve()
#9 /home/jack/laravel-app4/vendor/laravel/framework/src/Illuminate/Foundation/Application.php(1056): Illuminate\Container\Container->make()
#10 /home/jack/laravel-app4/vendor/nunomaduro/collision/src/Adapters/Laravel/ExceptionHandler.php(66): Illuminate\Foundation\Application->make()
#11 /home/jack/laravel-app4/vendor/laravel/framework/src/Illuminate/Foundation/Bootstrap/HandleExceptions.php(208): NunoMaduro\Collision\Adapters\Laravel\ExceptionHandler->renderForConsole()
#12 /home/jack/laravel-app4/vendor/laravel/framework/src/Illuminate/Foundation/Bootstrap/HandleExceptions.php(190): Illuminate\Foundation\Bootstrap\HandleExceptions->renderForConsole()
#13 /home/jack/laravel-app4/vendor/laravel/framework/src/Illuminate/Foundation/Bootstrap/HandleExceptions.php(256): Illuminate\Foundation\Bootstrap\HandleExceptions->handleException()
#14 [internal function]: Illuminate\Foundation\Bootstrap\HandleExceptions->Illuminate\Foundation\Bootstrap\{closure}()
#15 {main}
  thrown in /home/jack/laravel-app4/vendor/composer/ClassLoader.php on line 576
PHP Fatal error:  Uncaught ErrorException: include(/home/jack/laravel-app4/vendor/composer/../symfony/error-handler/Error/FatalError.php): Failed to open stream: No such file or directory in /home/jack/laravel-app4/vendor/composer/ClassLoader.php:576
Stack trace:
#0 /home/jack/laravel-app4/vendor/laravel/framework/src/Illuminate/Foundation/Bootstrap/HandleExceptions.php(256): Illuminate\Foundation\Bootstrap\HandleExceptions->handleError()
#1 /home/jack/laravel-app4/vendor/composer/ClassLoader.php(576): Illuminate\Foundation\Bootstrap\HandleExceptions->Illuminate\Foundation\Bootstrap\{closure}()
#2 /home/jack/laravel-app4/vendor/composer/ClassLoader.php(576): include('...')
#3 /home/jack/laravel-app4/vendor/composer/ClassLoader.php(427): Composer\Autoload\{closure}()
#4 /home/jack/laravel-app4/vendor/laravel/framework/src/Illuminate/Foundation/Bootstrap/HandleExceptions.php(245): Composer\Autoload\ClassLoader->loadClass()
#5 /home/jack/laravel-app4/vendor/laravel/framework/src/Illuminate/Foundation/Bootstrap/HandleExceptions.php(232): Illuminate\Foundation\Bootstrap\HandleExceptions->fatalErrorFromPhpError()
#6 /home/jack/laravel-app4/vendor/laravel/framework/src/Illuminate/Foundation/Bootstrap/HandleExceptions.php(256): Illuminate\Foundation\Bootstrap\HandleExceptions->handleShutdown()
#7 [internal function]: Illuminate\Foundation\Bootstrap\HandleExceptions->Illuminate\Foundation\Bootstrap\{closure}()
#8 {main}
  thrown in /home/jack/laravel-app4/vendor/composer/ClassLoader.php on line 576
PHP Fatal error:  Uncaught ErrorException: include(/home/jack/laravel-app4/vendor/composer/../nunomaduro/collision/src/SolutionsRepositories/NullSolutionsRepository.php): Failed to open stream: No such file or directory in /home/jack/laravel-app4/vendor/composer/ClassLoader.php:576
Stack trace:
#0 /home/jack/laravel-app4/vendor/laravel/framework/src/Illuminate/Foundation/Bootstrap/HandleExceptions.php(256): Illuminate\Foundation\Bootstrap\HandleExceptions->handleError()
#1 /home/jack/laravel-app4/vendor/composer/ClassLoader.php(576): Illuminate\Foundation\Bootstrap\HandleExceptions->Illuminate\Foundation\Bootstrap\{closure}()
#2 /home/jack/laravel-app4/vendor/composer/ClassLoader.php(576): include('...')
#3 /home/jack/laravel-app4/vendor/composer/ClassLoader.php(427): Composer\Autoload\{closure}()
#4 /home/jack/laravel-app4/vendor/nunomaduro/collision/src/Adapters/Laravel/CollisionServiceProvider.php(51): Composer\Autoload\ClassLoader->loadClass()
#5 /home/jack/laravel-app4/vendor/laravel/framework/src/Illuminate/Container/Container.php(937): NunoMaduro\Collision\Adapters\Laravel\CollisionServiceProvider->NunoMaduro\Collision\Adapters\Laravel\{closure}()
#6 /home/jack/laravel-app4/vendor/laravel/framework/src/Illuminate/Container/Container.php(819): Illuminate\Container\Container->build()
#7 /home/jack/laravel-app4/vendor/laravel/framework/src/Illuminate/Foundation/Application.php(1074): Illuminate\Container\Container->resolve()
#8 /home/jack/laravel-app4/vendor/laravel/framework/src/Illuminate/Container/Container.php(755): Illuminate\Foundation\Application->resolve()
#9 /home/jack/laravel-app4/vendor/laravel/framework/src/Illuminate/Foundation/Application.php(1056): Illuminate\Container\Container->make()
#10 /home/jack/laravel-app4/vendor/nunomaduro/collision/src/Adapters/Laravel/ExceptionHandler.php(66): Illuminate\Foundation\Application->make()
#11 /home/jack/laravel-app4/vendor/laravel/framework/src/Illuminate/Foundation/Bootstrap/HandleExceptions.php(208): NunoMaduro\Collision\Adapters\Laravel\ExceptionHandler->renderForConsole()
#12 /home/jack/laravel-app4/vendor/laravel/framework/src/Illuminate/Foundation/Bootstrap/HandleExceptions.php(190): Illuminate\Foundation\Bootstrap\HandleExceptions->renderForConsole()
#13 /home/jack/laravel-app4/vendor/laravel/framework/src/Illuminate/Foundation/Bootstrap/HandleExceptions.php(256): Illuminate\Foundation\Bootstrap\HandleExceptions->handleException()
#14 [internal function]: Illuminate\Foundation\Bootstrap\HandleExceptions->Illuminate\Foundation\Bootstrap\{closure}()
#15 {main}
  thrown in /home/jack/laravel-app4/vendor/composer/ClassLoader.php on line 576
PHP Fatal error:  Uncaught ErrorException: include(/home/jack/laravel-app4/vendor/composer/../symfony/error-handler/Error/FatalError.php): Failed to open stream: No such file or directory in /home/jack/laravel-app4/vendor/composer/ClassLoader.php:576
Stack trace:
#0 /home/jack/laravel-app4/vendor/laravel/framework/src/Illuminate/Foundation/Bootstrap/HandleExceptions.php(256): Illuminate\Foundation\Bootstrap\HandleExceptions->handleError()
#1 /home/jack/laravel-app4/vendor/composer/ClassLoader.php(576): Illuminate\Foundation\Bootstrap\HandleExceptions->Illuminate\Foundation\Bootstrap\{closure}()
#2 /home/jack/laravel-app4/vendor/composer/ClassLoader.php(576): include('...')
#3 /home/jack/laravel-app4/vendor/composer/ClassLoader.php(427): Composer\Autoload\{closure}()
#4 /home/jack/laravel-app4/vendor/laravel/framework/src/Illuminate/Foundation/Bootstrap/HandleExceptions.php(245): Composer\Autoload\ClassLoader->loadClass()
#5 /home/jack/laravel-app4/vendor/laravel/framework/src/Illuminate/Foundation/Bootstrap/HandleExceptions.php(232): Illuminate\Foundation\Bootstrap\HandleExceptions->fatalErrorFromPhpError()
#6 /home/jack/laravel-app4/vendor/laravel/framework/src/Illuminate/Foundation/Bootstrap/HandleExceptions.php(256): Illuminate\Foundation\Bootstrap\HandleExceptions->handleShutdown()
#7 [internal function]: Illuminate\Foundation\Bootstrap\HandleExceptions->Illuminate\Foundation\Bootstrap\{closure}()
#8 {main}
  thrown in /home/jack/laravel-app4/vendor/composer/ClassLoader.php on line 576
PHP Fatal error:  Uncaught ErrorException: include(/home/jack/laravel-app4/vendor/composer/../nunomaduro/collision/src/SolutionsRepositories/NullSolutionsRepository.php): Failed to open stream: No such file or directory in /home/jack/laravel-app4/vendor/composer/ClassLoader.php:576
Stack trace:
#0 /home/jack/laravel-app4/vendor/laravel/framework/src/Illuminate/Foundation/Bootstrap/HandleExceptions.php(256): Illuminate\Foundation\Bootstrap\HandleExceptions->handleError()
#1 /home/jack/laravel-app4/vendor/composer/ClassLoader.php(576): Illuminate\Foundation\Bootstrap\HandleExceptions->Illuminate\Foundation\Bootstrap\{closure}()
#2 /home/jack/laravel-app4/vendor/composer/ClassLoader.php(576): include('...')
#3 /home/jack/laravel-app4/vendor/composer/ClassLoader.php(427): Composer\Autoload\{closure}()
#4 /home/jack/laravel-app4/vendor/nunomaduro/collision/src/Adapters/Laravel/CollisionServiceProvider.php(51): Composer\Autoload\ClassLoader->loadClass()
#5 /home/jack/laravel-app4/vendor/laravel/framework/src/Illuminate/Container/Container.php(937): NunoMaduro\Collision\Adapters\Laravel\CollisionServiceProvider->NunoMaduro\Collision\Adapters\Laravel\{closure}()
#6 /home/jack/laravel-app4/vendor/laravel/framework/src/Illuminate/Container/Container.php(819): Illuminate\Container\Container->build()
#7 /home/jack/laravel-app4/vendor/laravel/framework/src/Illuminate/Foundation/Application.php(1074): Illuminate\Container\Container->resolve()
#8 /home/jack/laravel-app4/vendor/laravel/framework/src/Illuminate/Container/Container.php(755): Illuminate\Foundation\Application->resolve()
#9 /home/jack/laravel-app4/vendor/laravel/framework/src/Illuminate/Foundation/Application.php(1056): Illuminate\Container\Container->make()
#10 /home/jack/laravel-app4/vendor/nunomaduro/collision/src/Adapters/Laravel/ExceptionHandler.php(66): Illuminate\Foundation\Application->make()
#11 /home/jack/laravel-app4/vendor/laravel/framework/src/Illuminate/Foundation/Bootstrap/HandleExceptions.php(208): NunoMaduro\Collision\Adapters\Laravel\ExceptionHandler->renderForConsole()
#12 /home/jack/laravel-app4/vendor/laravel/framework/src/Illuminate/Foundation/Bootstrap/HandleExceptions.php(190): Illuminate\Foundation\Bootstrap\HandleExceptions->renderForConsole()
#13 /home/jack/laravel-app4/vendor/laravel/framework/src/Illuminate/Foundation/Bootstrap/HandleExceptions.php(256): Illuminate\Foundation\Bootstrap\HandleExceptions->handleException()
#14 [internal function]: Illuminate\Foundation\Bootstrap\HandleExceptions->Illuminate\Foundation\Bootstrap\{closure}()
#15 {main}
  thrown in /home/jack/laravel-app4/vendor/composer/ClassLoader.php on line 576
PHP Fatal error:  Uncaught ErrorException: include(/home/jack/laravel-app4/vendor/composer/../symfony/error-handler/Error/FatalError.php): Failed to open stream: No such file or directory in /home/jack/laravel-app4/vendor/composer/ClassLoader.php:576
Stack trace:
#0 /home/jack/laravel-app4/vendor/laravel/framework/src/Illuminate/Foundation/Bootstrap/HandleExceptions.php(256): Illuminate\Foundation\Bootstrap\HandleExceptions->handleError()
#1 /home/jack/laravel-app4/vendor/composer/ClassLoader.php(576): Illuminate\Foundation\Bootstrap\HandleExceptions->Illuminate\Foundation\Bootstrap\{closure}()
#2 /home/jack/laravel-app4/vendor/composer/ClassLoader.php(576): include('...')
#3 /home/jack/laravel-app4/vendor/composer/ClassLoader.php(427): Composer\Autoload\{closure}()
#4 /home/jack/laravel-app4/vendor/laravel/framework/src/Illuminate/Foundation/Bootstrap/HandleExceptions.php(245): Composer\Autoload\ClassLoader->loadClass()
#5 /home/jack/laravel-app4/vendor/laravel/framework/src/Illuminate/Foundation/Bootstrap/HandleExceptions.php(232): Illuminate\Foundation\Bootstrap\HandleExceptions->fatalErrorFromPhpError()
#6 /home/jack/laravel-app4/vendor/laravel/framework/src/Illuminate/Foundation/Bootstrap/HandleExceptions.php(256): Illuminate\Foundation\Bootstrap\HandleExceptions->handleShutdown()
#7 [internal function]: Illuminate\Foundation\Bootstrap\HandleExceptions->Illuminate\Foundation\Bootstrap\{closure}()
#8 {main}
  thrown in /home/jack/laravel-app4/vendor/composer/ClassLoader.php on line 576
PHP Fatal error:  Uncaught ErrorException: include(/home/jack/laravel-app4/vendor/composer/../nunomaduro/collision/src/SolutionsRepositories/NullSolutionsRepository.php): Failed to open stream: No such file or directory in /home/jack/laravel-app4/vendor/composer/ClassLoader.php:576
Stack trace:
#0 /home/jack/laravel-app4/vendor/laravel/framework/src/Illuminate/Foundation/Bootstrap/HandleExceptions.php(256): Illuminate\Foundation\Bootstrap\HandleExceptions->handleError()
#1 /home/jack/laravel-app4/vendor/composer/ClassLoader.php(576): Illuminate\Foundation\Bootstrap\HandleExceptions->Illuminate\Foundation\Bootstrap\{closure}()
#2 /home/jack/laravel-app4/vendor/composer/ClassLoader.php(576): include('...')
#3 /home/jack/laravel-app4/vendor/composer/ClassLoader.php(427): Composer\Autoload\{closure}()
#4 /home/jack/laravel-app4/vendor/nunomaduro/collision/src/Adapters/Laravel/CollisionServiceProvider.php(51): Composer\Autoload\ClassLoader->loadClass()
#5 /home/jack/laravel-app4/vendor/laravel/framework/src/Illuminate/Container/Container.php(937): NunoMaduro\Collision\Adapters\Laravel\CollisionServiceProvider->NunoMaduro\Collision\Adapters\Laravel\{closure}()
#6 /home/jack/laravel-app4/vendor/laravel/framework/src/Illuminate/Container/Container.php(819): Illuminate\Container\Container->build()
#7 /home/jack/laravel-app4/vendor/laravel/framework/src/Illuminate/Foundation/Application.php(1074): Illuminate\Container\Container->resolve()
#8 /home/jack/laravel-app4/vendor/laravel/framework/src/Illuminate/Container/Container.php(755): Illuminate\Foundation\Application->resolve()
#9 /home/jack/laravel-app4/vendor/laravel/framework/src/Illuminate/Foundation/Application.php(1056): Illuminate\Container\Container->make()
#10 /home/jack/laravel-app4/vendor/nunomaduro/collision/src/Adapters/Laravel/ExceptionHandler.php(66): Illuminate\Foundation\Application->make()
#11 /home/jack/laravel-app4/vendor/laravel/framework/src/Illuminate/Foundation/Bootstrap/HandleExceptions.php(208): NunoMaduro\Collision\Adapters\Laravel\ExceptionHandler->renderForConsole()
#12 /home/jack/laravel-app4/vendor/laravel/framework/src/Illuminate/Foundation/Bootstrap/HandleExceptions.php(190): Illuminate\Foundation\Bootstrap\HandleExceptions->renderForConsole()
#13 /home/jack/laravel-app4/vendor/laravel/framework/src/Illuminate/Foundation/Bootstrap/HandleExceptions.php(256): Illuminate\Foundation\Bootstrap\HandleExceptions->handleException()
#14 [internal function]: Illuminate\Foundation\Bootstrap\HandleExceptions->Illuminate\Foundation\Bootstrap\{closure}()
#15 {main}
  thrown in /home/jack/laravel-app4/vendor/composer/ClassLoader.php on line 576
PHP Fatal error:  Uncaught ErrorException: include(/home/jack/laravel-app4/vendor/composer/../symfony/error-handler/Error/FatalError.php): Failed to open stream: No such file or directory in /home/jack/laravel-app4/vendor/composer/ClassLoader.php:576
Stack trace:
#0 /home/jack/laravel-app4/vendor/laravel/framework/src/Illuminate/Foundation/Bootstrap/HandleExceptions.php(256): Illuminate\Foundation\Bootstrap\HandleExceptions->handleError()
#1 /home/jack/laravel-app4/vendor/composer/ClassLoader.php(576): Illuminate\Foundation\Bootstrap\HandleExceptions->Illuminate\Foundation\Bootstrap\{closure}()
#2 /home/jack/laravel-app4/vendor/composer/ClassLoader.php(576): include('...')
#3 /home/jack/laravel-app4/vendor/composer/ClassLoader.php(427): Composer\Autoload\{closure}()
#4 /home/jack/laravel-app4/vendor/laravel/framework/src/Illuminate/Foundation/Bootstrap/HandleExceptions.php(245): Composer\Autoload\ClassLoader->loadClass()
#5 /home/jack/laravel-app4/vendor/laravel/framework/src/Illuminate/Foundation/Bootstrap/HandleExceptions.php(232): Illuminate\Foundation\Bootstrap\HandleExceptions->fatalErrorFromPhpError()
#6 /home/jack/laravel-app4/vendor/laravel/framework/src/Illuminate/Foundation/Bootstrap/HandleExceptions.php(256): Illuminate\Foundation\Bootstrap\HandleExceptions->handleShutdown()
#7 [internal function]: Illuminate\Foundation\Bootstrap\HandleExceptions->Illuminate\Foundation\Bootstrap\{closure}()
#8 {main}
  thrown in /home/jack/laravel-app4/vendor/composer/ClassLoader.php on line 576
PHP Fatal error:  Uncaught ErrorException: include(/home/jack/laravel-app4/vendor/composer/../symfony/error-handler/Error/FatalError.php): Failed to open stream: No such file or directory in /home/jack/laravel-app4/vendor/composer/ClassLoader.php:576
Stack trace:
#0 /home/jack/laravel-app4/vendor/laravel/framework/src/Illuminate/Foundation/Bootstrap/HandleExceptions.php(256): Illuminate\Foundation\Bootstrap\HandleExceptions->handleError()
#1 /home/jack/laravel-app4/vendor/composer/ClassLoader.php(576): Illuminate\Foundation\Bootstrap\HandleExceptions->Illuminate\Foundation\Bootstrap\{closure}()
#2 /home/jack/laravel-app4/vendor/composer/ClassLoader.php(576): include('...')
#3 /home/jack/laravel-app4/vendor/composer/ClassLoader.php(427): Composer\Autoload\{closure}()
#4 /home/jack/laravel-app4/vendor/laravel/framework/src/Illuminate/Foundation/Bootstrap/HandleExceptions.php(245): Composer\Autoload\ClassLoader->loadClass()
#5 /home/jack/laravel-app4/vendor/laravel/framework/src/Illuminate/Foundation/Bootstrap/HandleExceptions.php(232): Illuminate\Foundation\Bootstrap\HandleExceptions->fatalErrorFromPhpError()
#6 /home/jack/laravel-app4/vendor/laravel/framework/src/Illuminate/Foundation/Bootstrap/HandleExceptions.php(256): Illuminate\Foundation\Bootstrap\HandleExceptions->handleShutdown()
#7 [internal function]: Illuminate\Foundation\Bootstrap\HandleExceptions->Illuminate\Foundation\Bootstrap\{closure}()
#8 {main}
  thrown in /home/jack/laravel-app4/vendor/composer/ClassLoader.php on line 576
